# JRE version: OpenJDK Runtime Environment Temurin-17.0.6+10 (17.0.6+10) (build 17.0.6+10)
# Java VM: OpenJDK 64-Bit Server VM Temurin-17.0.6+10 (17.0.6+10, mixed mode, tiered, compressed oops, compressed class ptrs, parallel gc, windows-amd64)
GC Precious Log:
 CPUs: 12 total, 12 available
 Memory: 7598M
 Large Page Support: Disabled
 NUMA Support: Disabled
 Compressed Oops: Enabled (32-bit)
 Alignments: Space 512K, Generation 512K, Heap 2M
 Heap Min Capacity: 100M
 Heap Initial Capacity: 100M
 Heap Max Capacity: 1G
 Pre-touch: Disabled
 Parallel Workers: 10
Heap:
 PSYoungGen      total 27648K, used 14826K [0x00000000eab00000, 0x00000000ed280000, 0x0000000100000000)
  eden space 19968K, 35% used [0x00000000eab00000,0x00000000eb1ffc40,0x00000000ebe80000)
  from space 7680K, 99% used [0x00000000ebe80000,0x00000000ec5faf78,0x00000000ec600000)
  to   space 10240K, 0% used [0x00000000ec880000,0x00000000ec880000,0x00000000ed280000)
 ParOldGen       total 190976K, used 165769K [0x00000000c0000000, 0x00000000cba80000, 0x00000000eab00000)
  object space 190976K, 86% used [0x00000000c0000000,0x00000000ca1e2698,0x00000000cba80000)
 Metaspace       used 81534K, committed 82688K, reserved 1122304K
  class space    used 9269K, committed 9792K, reserved 1048576K
GC Heap History (20 events):
Event: 132.557 GC heap before
{Heap before GC invocations=80 (full 6):
 PSYoungGen      total 15360K, used 15350K [0x00000000eab00000, 0x00000000ec280000, 0x0000000100000000)
  eden space 10752K, 100% used [0x00000000eab00000,0x00000000eb580000,0x00000000eb580000)
  from space 4608K, 99% used [0x00000000eb580000,0x00000000eb9fdb30,0x00000000eba00000)
  to   space 6656K, 0% used [0x00000000ebc00000,0x00000000ebc00000,0x00000000ec280000)
 ParOldGen       total 190976K, used 137066K [0x00000000c0000000, 0x00000000cba80000, 0x00000000eab00000)
  object space 190976K, 71% used [0x00000000c0000000,0x00000000c85da9d8,0x00000000cba80000)
 Metaspace       used 81455K, committed 82624K, reserved 1122304K
  class space    used 9264K, committed 9792K, reserved 1048576K
}
Event: 132.560 GC heap after
{Heap after GC invocations=80 (full 6):
 PSYoungGen      total 16384K, used 4016K [0x00000000eab00000, 0x00000000ec080000, 0x0000000100000000)
  eden space 11776K, 0% used [0x00000000eab00000,0x00000000eab00000,0x00000000eb680000)
  from space 4608K, 87% used [0x00000000ebc00000,0x00000000ebfec080,0x00000000ec080000)
  to   space 5120K, 0% used [0x00000000eb680000,0x00000000eb680000,0x00000000ebb80000)
 ParOldGen       total 190976K, used 140077K [0x00000000c0000000, 0x00000000cba80000, 0x00000000eab00000)
  object space 190976K, 73% used [0x00000000c0000000,0x00000000c88cb5e0,0x00000000cba80000)
 Metaspace       used 81455K, committed 82624K, reserved 1122304K
  class space    used 9264K, committed 9792K, reserved 1048576K
}
Event: 132.601 GC heap before
{Heap before GC invocations=81 (full 6):
 PSYoungGen      total 16384K, used 15792K [0x00000000eab00000, 0x00000000ec080000, 0x0000000100000000)
  eden space 11776K, 100% used [0x00000000eab00000,0x00000000eb680000,0x00000000eb680000)
  from space 4608K, 87% used [0x00000000ebc00000,0x00000000ebfec080,0x00000000ec080000)
  to   space 5120K, 0% used [0x00000000eb680000,0x00000000eb680000,0x00000000ebb80000)
 ParOldGen       total 190976K, used 140077K [0x00000000c0000000, 0x00000000cba80000, 0x00000000eab00000)
  object space 190976K, 73% used [0x00000000c0000000,0x00000000c88cb5e0,0x00000000cba80000)
 Metaspace       used 81455K, committed 82624K, reserved 1122304K
  class space    used 9264K, committed 9792K, reserved 1048576K
}
Event: 132.603 GC heap after
{Heap after GC invocations=81 (full 6):
 PSYoungGen      total 16896K, used 5102K [0x00000000eab00000, 0x00000000ec580000, 0x0000000100000000)
  eden space 11776K, 0% used [0x00000000eab00000,0x00000000eab00000,0x00000000eb680000)
  from space 5120K, 99% used [0x00000000eb680000,0x00000000ebb7bbf0,0x00000000ebb80000)
  to   space 7168K, 0% used [0x00000000ebe80000,0x00000000ebe80000,0x00000000ec580000)
 ParOldGen       total 190976K, used 141337K [0x00000000c0000000, 0x00000000cba80000, 0x00000000eab00000)
  object space 190976K, 74% used [0x00000000c0000000,0x00000000c8a06570,0x00000000cba80000)
 Metaspace       used 81455K, committed 82624K, reserved 1122304K
  class space    used 9264K, committed 9792K, reserved 1048576K
}
Event: 132.643 GC heap before
{Heap before GC invocations=82 (full 6):
 PSYoungGen      total 16896K, used 16878K [0x00000000eab00000, 0x00000000ec580000, 0x0000000100000000)
  eden space 11776K, 100% used [0x00000000eab00000,0x00000000eb680000,0x00000000eb680000)
  from space 5120K, 99% used [0x00000000eb680000,0x00000000ebb7bbf0,0x00000000ebb80000)
  to   space 7168K, 0% used [0x00000000ebe80000,0x00000000ebe80000,0x00000000ec580000)
 ParOldGen       total 190976K, used 141337K [0x00000000c0000000, 0x00000000cba80000, 0x00000000eab00000)
  object space 190976K, 74% used [0x00000000c0000000,0x00000000c8a06570,0x00000000cba80000)
 Metaspace       used 81455K, committed 82624K, reserved 1122304K
  class space    used 9264K, committed 9792K, reserved 1048576K
}
Event: 132.647 GC heap after
{Heap after GC invocations=82 (full 6):
 PSYoungGen      total 17408K, used 4595K [0x00000000eab00000, 0x00000000ec300000, 0x0000000100000000)
  eden space 12800K, 0% used [0x00000000eab00000,0x00000000eab00000,0x00000000eb780000)
  from space 4608K, 99% used [0x00000000ebe80000,0x00000000ec2fcf58,0x00000000ec300000)
  to   space 5632K, 0% used [0x00000000eb800000,0x00000000eb800000,0x00000000ebd80000)
 ParOldGen       total 190976K, used 144566K [0x00000000c0000000, 0x00000000cba80000, 0x00000000eab00000)
  object space 190976K, 75% used [0x00000000c0000000,0x00000000c8d2d800,0x00000000cba80000)
 Metaspace       used 81455K, committed 82624K, reserved 1122304K
  class space    used 9264K, committed 9792K, reserved 1048576K
}
Event: 132.682 GC heap before
{Heap before GC invocations=83 (full 6):
 PSYoungGen      total 17408K, used 17395K [0x00000000eab00000, 0x00000000ec300000, 0x0000000100000000)
  eden space 12800K, 100% used [0x00000000eab00000,0x00000000eb780000,0x00000000eb780000)
  from space 4608K, 99% used [0x00000000ebe80000,0x00000000ec2fcf58,0x00000000ec300000)
  to   space 5632K, 0% used [0x00000000eb800000,0x00000000eb800000,0x00000000ebd80000)
 ParOldGen       total 190976K, used 144566K [0x00000000c0000000, 0x00000000cba80000, 0x00000000eab00000)
  object space 190976K, 75% used [0x00000000c0000000,0x00000000c8d2d800,0x00000000cba80000)
 Metaspace       used 81483K, committed 82624K, reserved 1122304K
  class space    used 9264K, committed 9792K, reserved 1048576K
}
Event: 132.685 GC heap after
{Heap after GC invocations=83 (full 6):
 PSYoungGen      total 18944K, used 5629K [0x00000000eab00000, 0x00000000ec680000, 0x0000000100000000)
  eden space 13312K, 0% used [0x00000000eab00000,0x00000000eab00000,0x00000000eb800000)
  from space 5632K, 99% used [0x00000000eb800000,0x00000000ebd7f5c0,0x00000000ebd80000)
  to   space 7168K, 0% used [0x00000000ebf80000,0x00000000ebf80000,0x00000000ec680000)
 ParOldGen       total 190976K, used 145558K [0x00000000c0000000, 0x00000000cba80000, 0x00000000eab00000)
  object space 190976K, 76% used [0x00000000c0000000,0x00000000c8e25ac0,0x00000000cba80000)
 Metaspace       used 81483K, committed 82624K, reserved 1122304K
  class space    used 9264K, committed 9792K, reserved 1048576K
}
Event: 132.741 GC heap before
{Heap before GC invocations=84 (full 6):
 PSYoungGen      total 18944K, used 18941K [0x00000000eab00000, 0x00000000ec680000, 0x0000000100000000)
  eden space 13312K, 100% used [0x00000000eab00000,0x00000000eb800000,0x00000000eb800000)
  from space 5632K, 99% used [0x00000000eb800000,0x00000000ebd7f5c0,0x00000000ebd80000)
  to   space 7168K, 0% used [0x00000000ebf80000,0x00000000ebf80000,0x00000000ec680000)
 ParOldGen       total 190976K, used 145558K [0x00000000c0000000, 0x00000000cba80000, 0x00000000eab00000)
  object space 190976K, 76% used [0x00000000c0000000,0x00000000c8e25ac0,0x00000000cba80000)
 Metaspace       used 81483K, committed 82624K, reserved 1122304K
  class space    used 9264K, committed 9792K, reserved 1048576K
}
Event: 132.745 GC heap after
{Heap after GC invocations=84 (full 6):
 PSYoungGen      total 19968K, used 4952K [0x00000000eab00000, 0x00000000ec480000, 0x0000000100000000)
  eden space 14848K, 0% used [0x00000000eab00000,0x00000000eab00000,0x00000000eb980000)
  from space 5120K, 96% used [0x00000000ebf80000,0x00000000ec456058,0x00000000ec480000)
  to   space 5632K, 0% used [0x00000000eb980000,0x00000000eb980000,0x00000000ebf00000)
 ParOldGen       total 190976K, used 149512K [0x00000000c0000000, 0x00000000cba80000, 0x00000000eab00000)
  object space 190976K, 78% used [0x00000000c0000000,0x00000000c9202020,0x00000000cba80000)
 Metaspace       used 81483K, committed 82624K, reserved 1122304K
  class space    used 9264K, committed 9792K, reserved 1048576K
}
Event: 132.809 GC heap before
{Heap before GC invocations=85 (full 6):
 PSYoungGen      total 19968K, used 19800K [0x00000000eab00000, 0x00000000ec480000, 0x0000000100000000)
  eden space 14848K, 100% used [0x00000000eab00000,0x00000000eb980000,0x00000000eb980000)
  from space 5120K, 96% used [0x00000000ebf80000,0x00000000ec456058,0x00000000ec480000)
  to   space 5632K, 0% used [0x00000000eb980000,0x00000000eb980000,0x00000000ebf00000)
 ParOldGen       total 190976K, used 149512K [0x00000000c0000000, 0x00000000cba80000, 0x00000000eab00000)
  object space 190976K, 78% used [0x00000000c0000000,0x00000000c9202020,0x00000000cba80000)
 Metaspace       used 81483K, committed 82624K, reserved 1122304K
  class space    used 9264K, committed 9792K, reserved 1048576K
}
Event: 132.813 GC heap after
{Heap after GC invocations=85 (full 6):
 PSYoungGen      total 20480K, used 5603K [0x00000000eab00000, 0x00000000ecc80000, 0x0000000100000000)
  eden space 14848K, 0% used [0x00000000eab00000,0x00000000eab00000,0x00000000eb980000)
  from space 5632K, 99% used [0x00000000eb980000,0x00000000ebef8f90,0x00000000ebf00000)
  to   space 9216K, 0% used [0x00000000ec380000,0x00000000ec380000,0x00000000ecc80000)
 ParOldGen       total 190976K, used 152076K [0x00000000c0000000, 0x00000000cba80000, 0x00000000eab00000)
  object space 190976K, 79% used [0x00000000c0000000,0x00000000c9483128,0x00000000cba80000)
 Metaspace       used 81483K, committed 82624K, reserved 1122304K
  class space    used 9264K, committed 9792K, reserved 1048576K
}
Event: 132.889 GC heap before
{Heap before GC invocations=86 (full 6):
 PSYoungGen      total 20480K, used 20451K [0x00000000eab00000, 0x00000000ecc80000, 0x0000000100000000)
  eden space 14848K, 100% used [0x00000000eab00000,0x00000000eb980000,0x00000000eb980000)
  from space 5632K, 99% used [0x00000000eb980000,0x00000000ebef8f90,0x00000000ebf00000)
  to   space 9216K, 0% used [0x00000000ec380000,0x00000000ec380000,0x00000000ecc80000)
 ParOldGen       total 190976K, used 152076K [0x00000000c0000000, 0x00000000cba80000, 0x00000000eab00000)
  object space 190976K, 79% used [0x00000000c0000000,0x00000000c9483128,0x00000000cba80000)
 Metaspace       used 81483K, committed 82624K, reserved 1122304K
  class space    used 9264K, committed 9792K, reserved 1048576K
}
Event: 132.896 GC heap after
{Heap after GC invocations=86 (full 6):
 PSYoungGen      total 23552K, used 6995K [0x00000000eab00000, 0x00000000eca80000, 0x0000000100000000)
  eden space 16384K, 0% used [0x00000000eab00000,0x00000000eab00000,0x00000000ebb00000)
  from space 7168K, 97% used [0x00000000ec380000,0x00000000eca54d10,0x00000000eca80000)
  to   space 7680K, 0% used [0x00000000ebb80000,0x00000000ebb80000,0x00000000ec300000)
 ParOldGen       total 190976K, used 155482K [0x00000000c0000000, 0x00000000cba80000, 0x00000000eab00000)
  object space 190976K, 81% used [0x00000000c0000000,0x00000000c97d68d8,0x00000000cba80000)
 Metaspace       used 81483K, committed 82624K, reserved 1122304K
  class space    used 9264K, committed 9792K, reserved 1048576K
}
Event: 132.968 GC heap before
{Heap before GC invocations=87 (full 6):
 PSYoungGen      total 23552K, used 23379K [0x00000000eab00000, 0x00000000eca80000, 0x0000000100000000)
  eden space 16384K, 100% used [0x00000000eab00000,0x00000000ebb00000,0x00000000ebb00000)
  from space 7168K, 97% used [0x00000000ec380000,0x00000000eca54d10,0x00000000eca80000)
  to   space 7680K, 0% used [0x00000000ebb80000,0x00000000ebb80000,0x00000000ec300000)
 ParOldGen       total 190976K, used 155482K [0x00000000c0000000, 0x00000000cba80000, 0x00000000eab00000)
  object space 190976K, 81% used [0x00000000c0000000,0x00000000c97d68d8,0x00000000cba80000)
 Metaspace       used 81483K, committed 82624K, reserved 1122304K
  class space    used 9264K, committed 9792K, reserved 1048576K
}
Event: 132.975 GC heap after
{Heap after GC invocations=87 (full 6):
 PSYoungGen      total 24576K, used 7669K [0x00000000eab00000, 0x00000000ed280000, 0x0000000100000000)
  eden space 16896K, 0% used [0x00000000eab00000,0x00000000eab00000,0x00000000ebb80000)
  from space 7680K, 99% used [0x00000000ebb80000,0x00000000ec2fd568,0x00000000ec300000)
  to   space 11264K, 0% used [0x00000000ec780000,0x00000000ec780000,0x00000000ed280000)
 ParOldGen       total 190976K, used 158275K [0x00000000c0000000, 0x00000000cba80000, 0x00000000eab00000)
  object space 190976K, 82% used [0x00000000c0000000,0x00000000c9a90e90,0x00000000cba80000)
 Metaspace       used 81483K, committed 82624K, reserved 1122304K
  class space    used 9264K, committed 9792K, reserved 1048576K
}
Event: 133.043 GC heap before
{Heap before GC invocations=88 (full 6):
 PSYoungGen      total 24576K, used 24565K [0x00000000eab00000, 0x00000000ed280000, 0x0000000100000000)
  eden space 16896K, 100% used [0x00000000eab00000,0x00000000ebb80000,0x00000000ebb80000)
  from space 7680K, 99% used [0x00000000ebb80000,0x00000000ec2fd568,0x00000000ec300000)
  to   space 11264K, 0% used [0x00000000ec780000,0x00000000ec780000,0x00000000ed280000)
 ParOldGen       total 190976K, used 158275K [0x00000000c0000000, 0x00000000cba80000, 0x00000000eab00000)
  object space 190976K, 82% used [0x00000000c0000000,0x00000000c9a90e90,0x00000000cba80000)
 Metaspace       used 81483K, committed 82624K, reserved 1122304K
  class space    used 9264K, committed 9792K, reserved 1048576K
}
Event: 133.051 GC heap after
{Heap after GC invocations=88 (full 6):
 PSYoungGen      total 24576K, used 5751K [0x00000000eab00000, 0x00000000ecd80000, 0x0000000100000000)
  eden space 18432K, 0% used [0x00000000eab00000,0x00000000eab00000,0x00000000ebd00000)
  from space 6144K, 93% used [0x00000000ec780000,0x00000000ecd1dff0,0x00000000ecd80000)
  to   space 7680K, 0% used [0x00000000ebe80000,0x00000000ebe80000,0x00000000ec600000)
 ParOldGen       total 190976K, used 163931K [0x00000000c0000000, 0x00000000cba80000, 0x00000000eab00000)
  object space 190976K, 85% used [0x00000000c0000000,0x00000000ca016f08,0x00000000cba80000)
 Metaspace       used 81483K, committed 82624K, reserved 1122304K
  class space    used 9264K, committed 9792K, reserved 1048576K
}
Event: 133.131 GC heap before
{Heap before GC invocations=89 (full 6):
 PSYoungGen      total 24576K, used 24183K [0x00000000eab00000, 0x00000000ecd80000, 0x0000000100000000)
  eden space 18432K, 100% used [0x00000000eab00000,0x00000000ebd00000,0x00000000ebd00000)
  from space 6144K, 93% used [0x00000000ec780000,0x00000000ecd1dff0,0x00000000ecd80000)
  to   space 7680K, 0% used [0x00000000ebe80000,0x00000000ebe80000,0x00000000ec600000)
 ParOldGen       total 190976K, used 163931K [0x00000000c0000000, 0x00000000cba80000, 0x00000000eab00000)
  object space 190976K, 85% used [0x00000000c0000000,0x00000000ca016f08,0x00000000cba80000)
 Metaspace       used 81532K, committed 82688K, reserved 1122304K
  class space    used 9269K, committed 9792K, reserved 1048576K
}
Event: 133.137 GC heap after
{Heap after GC invocations=89 (full 6):
 PSYoungGen      total 27648K, used 7659K [0x00000000eab00000, 0x00000000ed280000, 0x0000000100000000)
  eden space 19968K, 0% used [0x00000000eab00000,0x00000000eab00000,0x00000000ebe80000)
  from space 7680K, 99% used [0x00000000ebe80000,0x00000000ec5faf78,0x00000000ec600000)
  to   space 10240K, 0% used [0x00000000ec880000,0x00000000ec880000,0x00000000ed280000)
 ParOldGen       total 190976K, used 165769K [0x00000000c0000000, 0x00000000cba80000, 0x00000000eab00000)
  object space 190976K, 86% used [0x00000000c0000000,0x00000000ca1e2698,0x00000000cba80000)
 Metaspace       used 81532K, committed 82688K, reserved 1122304K
  class space    used 9269K, committed 9792K, reserved 1048576K
}

